<?xml version="1.0" encoding="UTF-8"?>
<!-- Generated by org.testng.reporters.JUnitReportReporter -->
<testsuite hostname="DESKTOP-PI0VSCE" failures="0" tests="1" name="testcases.loginpagetestcase" time="8.633" errors="0" timestamp="2023-11-30T11:30:15 IST" skipped="0">
  <testcase classname="testcases.loginpagetestcase" name="loginpage" time="8.633"/>
</testsuite> <!-- testcases.loginpagetestcase -->
