<?xml version="1.0" encoding="UTF-8"?>
<!-- Generated by org.testng.reporters.JUnitReportReporter -->
<testsuite hostname="DESKTOP-PI0VSCE" failures="0" tests="1" name="testcases.signuppagetestcase" time="10.772" errors="0" timestamp="2023-11-30T17:35:56 IST" skipped="0">
  <testcase classname="testcases.signuppagetestcase" name="signuppage" time="10.772"/>
</testsuite> <!-- testcases.signuppagetestcase -->
